<?xml version="1.0" encoding="UTF-8"?>
<testsuite name="com.example.TestGreeter" tests="2" skipped="0" failures="0" errors="0" timestamp="2023-05-17T11:12:31" hostname="bamboomigration" time="0.01">
  <properties/>
  <testcase name="greetShouldIncludeTheOneBeingGreeted" classname="com.example.TestGreeter" time="0.003"/>
  <testcase name="greetShouldIncludeGreetingPhrase" classname="com.example.TestGreeter" time="0.005"/>
  <system-out><![CDATA[]]></system-out>
  <system-err><![CDATA[]]></system-err>
</testsuite>
